Host command: /opt/cadence/CDROM/IUS06.20.004/tools/verilog/bin/verilog.exe
Command arguments:
    /home/koyo/verilog/alu_control.v
    /home/koyo/verilog/alu.v
    /home/koyo/verilog/branch.v
    /home/koyo/verilog/control.v
    /home/koyo/verilog/DW_ram_2r_w_s_dff.v
    /home/koyo/verilog/ex_mem_reg.v
    /home/koyo/verilog/ex_stage.v
    /home/koyo/verilog/forward.v
    /home/koyo/verilog/hazard.v
    /home/koyo/verilog/id_ex_reg.v
    /home/koyo/verilog/id_stage.v
    /home/koyo/verilog/if_id_reg.v
    /home/koyo/verilog/if_stage.v
    /home/koyo/verilog/mem_stage.v
    /home/koyo/verilog/mem_wb_reg.v
    /home/koyo/verilog/mux_4.v
    /home/koyo/verilog/pc.v
    /home/koyo/verilog/rf32x32.v
    /home/koyo/verilog/top.v
    /home/koyo/verilog/wb_stage.v
    /home/koyo/verilog/top_test.v

Tool:	VERILOG-XL	06.20.001-s log file created May 13, 2016  22:44:39
Tool:	VERILOG-XL	06.20.001-s   May 13, 2016  22:44:39

Copyright (c) 1995-2004 Cadence Design Systems, Inc.  All Rights Reserved.
Unpublished -- rights reserved under the copyright laws of the United States.

Copyright (c) 1995-2004 UNIX Systems Laboratories, Inc.  Reproduced with Permission.

THIS SOFTWARE AND ON-LINE DOCUMENTATION CONTAIN CONFIDENTIAL INFORMATION
AND TRADE SECRETS OF CADENCE DESIGN SYSTEMS, INC.  USE, DISCLOSURE, OR
REPRODUCTION IS PROHIBITED WITHOUT THE PRIOR EXPRESS WRITTEN PERMISSION OF
CADENCE DESIGN SYSTEMS, INC.
RESTRICTED RIGHTS LEGEND

Use, duplication, or disclosure by the Government is subject to
restrictions as set forth in subparagraph (c)(1)(ii) of the Rights in
Technical Data and Computer Software clause at DFARS 252.227-7013 or
subparagraphs (c)(1) and (2) of Commercial Computer Software -- Restricted
Rights at 48 CFR 52.227-19, as applicable.

                Cadence Design Systems, Inc.
                555 River Oaks Parkway
                San Jose, California  95134

For technical assistance please contact the Cadence Response Center at
1-877-CDS-4911 or send email to support@cadence.com

For more information on Cadence's Verilog-XL product line send email to
talkv@cadence.com

Compiling source file "/home/koyo/verilog/alu_control.v"
Compiling source file "/home/koyo/verilog/alu.v"
Compiling source file "/home/koyo/verilog/branch.v"
Compiling source file "/home/koyo/verilog/control.v"
Compiling source file "/home/koyo/verilog/DW_ram_2r_w_s_dff.v"
Compiling source file "/home/koyo/verilog/ex_mem_reg.v"
Compiling source file "/home/koyo/verilog/ex_stage.v"
Compiling source file "/home/koyo/verilog/forward.v"
Compiling source file "/home/koyo/verilog/hazard.v"
Compiling source file "/home/koyo/verilog/id_ex_reg.v"
Compiling source file "/home/koyo/verilog/id_stage.v"
Compiling source file "/home/koyo/verilog/if_id_reg.v"
Compiling source file "/home/koyo/verilog/if_stage.v"
Compiling source file "/home/koyo/verilog/mem_stage.v"
Compiling source file "/home/koyo/verilog/mem_wb_reg.v"
Compiling source file "/home/koyo/verilog/mux_4.v"
Compiling source file "/home/koyo/verilog/pc.v"
Compiling source file "/home/koyo/verilog/rf32x32.v"
Compiling source file "/home/koyo/verilog/top.v"
Compiling source file "/home/koyo/verilog/wb_stage.v"
Compiling source file "/home/koyo/verilog/top_test.v"
Highest level modules:
top_test

         0 PC=00010000
        20 PC=00010004
        30 PC=00010008
        40 PC=0001000c
        50 PC=00010010
        60 PC=00010014
        70 PC=00010018
        80 PC=0001001c
        90 PC=00010020
       100 PC=00010024
       110 PC=00010028
       120 PC=0001002c
       130 PC=00010030
       140 PC=00010034
       150 PC=00010038
       160 PC=0001003c
       170 PC=00010040
       180 PC=00010044
       190 PC=00010048
       200 PC=00010044
       210 PC=00010048
       220 PC=00010044
       230 PC=00010048
       240 PC=00010044
       250 PC=00010048
       260 PC=00010044
       270 PC=00010048
       280 PC=00010044
       290 PC=00010048
       300 PC=00010044
       310 PC=00010048
       320 PC=00010044
       330 PC=00010048
       340 PC=00010044
       350 PC=00010048
       360 PC=00010044
       370 PC=00010048
       380 PC=00010044
       390 PC=00010048
       400 PC=00010044
       410 PC=00010048
       420 PC=00010044
       430 PC=00010048
       440 PC=00010044
       450 PC=00010048
       460 PC=00010044
       470 PC=00010048
       480 PC=00010044
       490 PC=00010048
       500 PC=00010044
       510 PC=00010048
       520 PC=00010044
       530 PC=00010048
       540 PC=00010044
       550 PC=00010048
       560 PC=00010044
       570 PC=00010048
       580 PC=00010044
       590 PC=00010048
       600 PC=00010044
       610 PC=00010048
       620 PC=00010044
       630 PC=00010048
       640 PC=00010044
       650 PC=00010048
       660 PC=00010044
       670 PC=00010048
       680 PC=00010044
       690 PC=00010048
       700 PC=00010044
       710 PC=00010048
       720 PC=00010044
       730 PC=00010048
       740 PC=00010044
       750 PC=00010048
       760 PC=00010044
       770 PC=00010048
       780 PC=00010044
       790 PC=00010048
       800 PC=00010044
       810 PC=00010048
       820 PC=00010044
       830 PC=00010048
       840 PC=00010044
       850 PC=00010048
       860 PC=00010044
       870 PC=00010048
       880 PC=00010044
       890 PC=00010048
       900 PC=00010044
       910 PC=00010048
       920 PC=00010044
       930 PC=00010048
       940 PC=00010044
       950 PC=00010048
       960 PC=00010044
       970 PC=00010048
       980 PC=00010044
       990 PC=00010048
      1000 PC=00010044
      1010 PC=00010048
      1020 PC=00010044
      1030 PC=00010048
      1040 PC=00010044
      1050 PC=00010048
      1060 PC=00010044
      1070 PC=00010048
      1080 PC=00010044
      1090 PC=00010048
      1100 PC=00010044
      1110 PC=00010048
      1120 PC=00010044
      1130 PC=00010048
      1140 PC=00010044
      1150 PC=00010048
      1160 PC=00010044
      1170 PC=00010048
      1180 PC=00010044
      1190 PC=00010048
      1200 PC=00010044
      1210 PC=00010048
      1220 PC=00010044
      1230 PC=00010048
      1240 PC=00010044
      1250 PC=00010048
      1260 PC=00010044
      1270 PC=00010048
      1280 PC=00010044
      1290 PC=00010048
      1300 PC=00010044
      1310 PC=00010048
      1320 PC=00010044
      1330 PC=00010048
      1340 PC=00010044
      1350 PC=00010048
      1360 PC=00010044
      1370 PC=00010048
      1380 PC=00010044
      1390 PC=00010048
      1400 PC=00010044
      1410 PC=00010048
      1420 PC=00010044
      1430 PC=00010048
      1440 PC=00010044
      1450 PC=00010048
      1460 PC=00010044
      1470 PC=00010048
      1480 PC=00010044
      1490 PC=00010048
      1500 PC=00010044
      1510 PC=00010048
      1520 PC=00010044
      1530 PC=00010048
      1540 PC=00010044
      1550 PC=00010048
      1560 PC=00010044
      1570 PC=00010048
      1580 PC=00010044
      1590 PC=00010048
      1600 PC=00010044
      1610 PC=00010048
      1620 PC=00010044
      1630 PC=00010048
      1640 PC=00010044
      1650 PC=00010048
      1660 PC=00010044
      1670 PC=00010048
      1680 PC=00010044
      1690 PC=00010048
      1700 PC=00010044
      1710 PC=00010048
      1720 PC=00010044
      1730 PC=00010048
      1740 PC=00010044
      1750 PC=00010048
      1760 PC=00010044
      1770 PC=00010048
      1780 PC=00010044
      1790 PC=00010048
      1800 PC=00010044
      1810 PC=00010048
      1820 PC=00010044
      1830 PC=00010048
      1840 PC=00010044
      1850 PC=00010048
      1860 PC=00010044
      1870 PC=00010048
      1880 PC=00010044
      1890 PC=00010048
      1900 PC=00010044
      1910 PC=00010048
      1920 PC=00010044
      1930 PC=00010048
      1940 PC=00010044
      1950 PC=00010048
      1960 PC=00010044
      1970 PC=00010048
      1980 PC=00010044
      1990 PC=00010048
      2000 PC=00010044
      2010 PC=00010048
      2020 PC=00010044
      2030 PC=00010048
      2040 PC=00010044
      2050 PC=00010048
      2060 PC=00010044
      2070 PC=00010048
      2080 PC=00010044
      2090 PC=00010048
      2100 PC=00010044
      2110 PC=00010048
      2120 PC=00010044
      2130 PC=00010048
      2140 PC=00010044
      2150 PC=00010048
      2160 PC=00010044
      2170 PC=00010048
      2180 PC=00010044
      2190 PC=00010048
      2200 PC=00010044
      2210 PC=00010048
      2220 PC=00010044
      2230 PC=00010048
      2240 PC=00010044
      2250 PC=00010048
      2260 PC=00010044
      2270 PC=00010048
      2280 PC=00010044
      2290 PC=00010048
      2300 PC=00010044
      2310 PC=00010048
      2320 PC=00010044
      2330 PC=00010048
      2340 PC=00010044
      2350 PC=00010048
      2360 PC=00010044
      2370 PC=00010048
      2380 PC=00010044
      2390 PC=00010048
      2400 PC=00010044
      2410 PC=00010048
      2420 PC=00010044
      2430 PC=00010048
      2440 PC=00010044
      2450 PC=00010048
      2460 PC=00010044
      2470 PC=00010048
      2480 PC=00010044
      2490 PC=00010048
      2500 PC=00010044
      2510 PC=00010048
      2520 PC=00010044
      2530 PC=00010048
      2540 PC=00010044
      2550 PC=00010048
      2560 PC=00010044
      2570 PC=00010048
      2580 PC=00010044
      2590 PC=00010048
      2600 PC=00010044
      2610 PC=00010048
      2620 PC=00010044
      2630 PC=00010048
      2640 PC=00010044
      2650 PC=00010048
      2660 PC=00010044
      2670 PC=00010048
      2680 PC=00010044
      2690 PC=00010048
      2700 PC=00010044
      2710 PC=00010048
      2720 PC=00010044
      2730 PC=00010048
      2740 PC=00010044
      2750 PC=00010048
      2760 PC=00010044
      2770 PC=00010048
      2780 PC=00010044
      2790 PC=00010048
      2800 PC=00010044
      2810 PC=00010048
      2820 PC=00010044
      2830 PC=00010048
      2840 PC=00010044
      2850 PC=00010048
      2860 PC=00010044
      2870 PC=00010048
      2880 PC=00010044
      2890 PC=00010048
      2900 PC=00010044
      2910 PC=00010048
      2920 PC=00010044
      2930 PC=00010048
      2940 PC=00010044
      2950 PC=00010048
      2960 PC=00010044
      2970 PC=00010048
      2980 PC=00010044
      2990 PC=00010048
      3000 PC=00010044
      3010 PC=00010048
      3020 PC=00010044
      3030 PC=00010048
      3040 PC=00010044
      3050 PC=00010048
      3060 PC=00010044
      3070 PC=00010048
      3080 PC=00010044
      3090 PC=00010048
      3100 PC=00010044
      3110 PC=00010048
      3120 PC=00010044
      3130 PC=00010048
      3140 PC=00010044
      3150 PC=00010048
      3160 PC=00010044
      3170 PC=00010048
      3180 PC=00010044
      3190 PC=00010048
      3200 PC=00010044
      3210 PC=00010048
      3220 PC=00010044
      3230 PC=00010048
      3240 PC=00010044
      3250 PC=00010048
      3260 PC=00010044
      3270 PC=00010048
      3280 PC=00010044
      3290 PC=00010048
      3300 PC=00010044
      3310 PC=00010048
      3320 PC=00010044
      3330 PC=00010048
      3340 PC=00010044
      3350 PC=00010048
      3360 PC=00010044
      3370 PC=00010048
      3380 PC=00010044
      3390 PC=00010048
      3400 PC=00010044
      3410 PC=00010048
      3420 PC=00010044
      3430 PC=00010048
      3440 PC=00010044
      3450 PC=00010048
      3460 PC=00010044
      3470 PC=00010048
      3480 PC=00010044
      3490 PC=00010048
      3500 PC=00010044
      3510 PC=00010048
      3520 PC=00010044
      3530 PC=00010048
      3540 PC=00010044
      3550 PC=00010048
      3560 PC=00010044
      3570 PC=00010048
      3580 PC=00010044
      3590 PC=00010048
      3600 PC=00010044
      3610 PC=00010048
      3620 PC=00010044
      3630 PC=00010048
      3640 PC=00010044
      3650 PC=00010048
      3660 PC=00010044
      3670 PC=00010048
      3680 PC=00010044
      3690 PC=00010048
      3700 PC=00010044
      3710 PC=00010048
      3720 PC=00010044
      3730 PC=00010048
      3740 PC=00010044
      3750 PC=00010048
      3760 PC=00010044
      3770 PC=00010048
      3780 PC=00010044
      3790 PC=00010048
      3800 PC=00010044
      3810 PC=00010048
      3820 PC=00010044
      3830 PC=00010048
      3840 PC=00010044
      3850 PC=00010048
      3860 PC=00010044
      3870 PC=00010048
      3880 PC=00010044
      3890 PC=00010048
      3900 PC=00010044
      3910 PC=00010048
      3920 PC=00010044
      3930 PC=00010048
      3940 PC=00010044
      3950 PC=00010048
      3960 PC=00010044
      3970 PC=00010048
      3980 PC=00010044
      3990 PC=00010048
      4000 PC=00010044
      4010 PC=00010048
      4020 PC=00010044
      4030 PC=00010048
      4040 PC=00010044
      4050 PC=00010048
      4060 PC=00010044
      4070 PC=00010048
      4080 PC=00010044
      4090 PC=00010048
      4100 PC=00010044
      4110 PC=00010048
      4120 PC=00010044
      4130 PC=00010048
      4140 PC=00010044
      4150 PC=00010048
      4160 PC=00010044
      4170 PC=00010048
      4180 PC=00010044
      4190 PC=00010048
      4200 PC=00010044
      4210 PC=00010048
      4220 PC=00010044
      4230 PC=00010048
      4240 PC=00010044
      4250 PC=00010048
      4260 PC=00010044
      4270 PC=00010048
      4280 PC=00010044
      4290 PC=00010048
      4300 PC=00010044
      4310 PC=00010048
      4320 PC=00010044
      4330 PC=00010048
      4340 PC=00010044
      4350 PC=00010048
      4360 PC=00010044
      4370 PC=00010048
      4380 PC=00010044
      4390 PC=00010048
      4400 PC=00010044
      4410 PC=00010048
      4420 PC=00010044
      4430 PC=00010048
      4440 PC=00010044
      4450 PC=00010048
      4460 PC=00010044
      4470 PC=00010048
      4480 PC=00010044
      4490 PC=00010048
      4500 PC=00010044
      4510 PC=00010048
      4520 PC=00010044
      4530 PC=00010048
      4540 PC=00010044
      4550 PC=00010048
      4560 PC=00010044
      4570 PC=00010048
      4580 PC=00010044
      4590 PC=00010048
      4600 PC=00010044
      4610 PC=00010048
      4620 PC=00010044
      4630 PC=00010048
      4640 PC=00010044
      4650 PC=00010048
      4660 PC=00010044
      4670 PC=00010048
      4680 PC=00010044
      4690 PC=00010048
      4700 PC=00010044
      4710 PC=00010048
      4720 PC=00010044
      4730 PC=00010048
      4740 PC=00010044
      4750 PC=00010048
      4760 PC=00010044
      4770 PC=00010048
      4780 PC=00010044
      4790 PC=00010048
      4800 PC=00010044
      4810 PC=00010048
      4820 PC=00010044
      4830 PC=00010048
      4840 PC=00010044
      4850 PC=00010048
      4860 PC=00010044
      4870 PC=00010048
      4880 PC=00010044
      4890 PC=00010048
      4900 PC=00010044
      4910 PC=00010048
      4920 PC=00010044
      4930 PC=00010048
      4940 PC=00010044
      4950 PC=00010048
      4960 PC=00010044
      4970 PC=00010048
      4980 PC=00010044
      4990 PC=00010048
      5000 PC=00010044
      5010 PC=00010048
      5020 PC=00010044
      5030 PC=00010048
      5040 PC=00010044
      5050 PC=00010048
      5060 PC=00010044
      5070 PC=00010048
      5080 PC=00010044
      5090 PC=00010048
      5100 PC=00010044
      5110 PC=00010048
      5120 PC=00010044
      5130 PC=00010048
      5140 PC=00010044
      5150 PC=00010048
      5160 PC=00010044
      5170 PC=00010048
      5180 PC=00010044
      5190 PC=00010048
      5200 PC=00010044
      5210 PC=00010048
      5220 PC=00010044
      5230 PC=00010048
      5240 PC=00010044
      5250 PC=00010048
      5260 PC=00010044
      5270 PC=00010048
      5280 PC=00010044
      5290 PC=00010048
      5300 PC=00010044
      5310 PC=00010048
      5320 PC=00010044
      5330 PC=00010048
      5340 PC=00010044
      5350 PC=00010048
      5360 PC=00010044
      5370 PC=00010048
      5380 PC=00010044
      5390 PC=00010048
      5400 PC=00010044
      5410 PC=00010048
      5420 PC=00010044
      5430 PC=00010048
      5440 PC=00010044
      5450 PC=00010048
      5460 PC=00010044
      5470 PC=00010048
      5480 PC=00010044
      5490 PC=00010048
      5500 PC=00010044
      5510 PC=00010048
      5520 PC=00010044
      5530 PC=00010048
      5540 PC=00010044
      5550 PC=00010048
      5560 PC=00010044
      5570 PC=00010048
      5580 PC=00010044
      5590 PC=00010048
      5600 PC=00010044
      5610 PC=00010048
      5620 PC=00010044
      5630 PC=00010048
      5640 PC=00010044
      5650 PC=00010048
      5660 PC=00010044
      5670 PC=00010048
      5680 PC=00010044
      5690 PC=00010048
      5700 PC=00010044
      5710 PC=00010048
      5720 PC=00010044
      5730 PC=00010048
      5740 PC=00010044
      5750 PC=00010048
      5760 PC=00010044
      5770 PC=00010048
      5780 PC=00010044
      5790 PC=00010048
      5800 PC=00010044
      5810 PC=00010048
      5820 PC=00010044
      5830 PC=00010048
      5840 PC=00010044
      5850 PC=00010048
      5860 PC=00010044
      5870 PC=00010048
      5880 PC=00010044
      5890 PC=00010048
      5900 PC=00010044
      5910 PC=00010048
      5920 PC=00010044
      5930 PC=00010048
      5940 PC=00010044
      5950 PC=00010048
      5960 PC=00010044
      5970 PC=00010048
      5980 PC=00010044
      5990 PC=00010048
      6000 PC=00010044
      6010 PC=00010048
      6020 PC=00010044
      6030 PC=00010048
      6040 PC=00010044
      6050 PC=00010048
      6060 PC=00010044
      6070 PC=00010048
      6080 PC=00010044
      6090 PC=00010048
      6100 PC=00010044
      6110 PC=00010048
      6120 PC=00010044
      6130 PC=00010048
      6140 PC=00010044
      6150 PC=00010048
      6160 PC=00010044
      6170 PC=00010048
      6180 PC=00010044
      6190 PC=00010048
      6200 PC=00010044
      6210 PC=00010048
      6220 PC=00010044
      6230 PC=00010048
      6240 PC=00010044
      6250 PC=00010048
      6260 PC=00010044
      6270 PC=00010048
      6280 PC=00010044
      6290 PC=00010048
      6300 PC=00010044
      6310 PC=00010048
      6320 PC=00010044
      6330 PC=00010048
      6340 PC=00010044
      6350 PC=00010048
      6360 PC=00010044
      6370 PC=00010048
      6380 PC=00010044
      6390 PC=00010048
      6400 PC=00010044
      6410 PC=00010048
      6420 PC=00010044
      6430 PC=00010048
      6440 PC=00010044
      6450 PC=00010048
      6460 PC=00010044
      6470 PC=00010048
      6480 PC=00010044
      6490 PC=00010048
      6500 PC=00010044
      6510 PC=00010048
      6520 PC=00010044
      6530 PC=00010048
      6540 PC=00010044
      6550 PC=00010048
      6560 PC=00010044
      6570 PC=00010048
      6580 PC=00010044
      6590 PC=00010048
      6600 PC=00010044
      6610 PC=00010048
      6620 PC=00010044
      6630 PC=00010048
      6640 PC=00010044
      6650 PC=00010048
      6660 PC=00010044
      6670 PC=00010048
      6680 PC=00010044
      6690 PC=00010048
      6700 PC=00010044
      6710 PC=00010048
      6720 PC=00010044
      6730 PC=00010048
      6740 PC=00010044
      6750 PC=00010048
      6760 PC=00010044
      6770 PC=00010048
      6780 PC=00010044
      6790 PC=00010048
      6800 PC=00010044
      6810 PC=00010048
      6820 PC=00010044
      6830 PC=00010048
      6840 PC=00010044
      6850 PC=00010048
      6860 PC=00010044
      6870 PC=00010048
      6880 PC=00010044
      6890 PC=00010048
      6900 PC=00010044
      6910 PC=00010048
      6920 PC=00010044
      6930 PC=00010048
      6940 PC=00010044
      6950 PC=00010048
      6960 PC=00010044
      6970 PC=00010048
      6980 PC=00010044
      6990 PC=00010048
      7000 PC=00010044
      7010 PC=00010048
      7020 PC=00010044
      7030 PC=00010048
      7040 PC=00010044
      7050 PC=00010048
      7060 PC=00010044
      7070 PC=00010048
      7080 PC=00010044
      7090 PC=00010048
      7100 PC=00010044
      7110 PC=00010048
      7120 PC=00010044
      7130 PC=00010048
      7140 PC=00010044
      7150 PC=00010048
      7160 PC=00010044
      7170 PC=00010048
      7180 PC=00010044
      7190 PC=00010048
      7200 PC=00010044
      7210 PC=00010048
      7220 PC=00010044
      7230 PC=00010048
      7240 PC=00010044
      7250 PC=00010048
      7260 PC=00010044
      7270 PC=00010048
      7280 PC=00010044
      7290 PC=00010048
      7300 PC=00010044
      7310 PC=00010048
      7320 PC=00010044
      7330 PC=00010048
      7340 PC=00010044
      7350 PC=00010048
      7360 PC=00010044
      7370 PC=00010048
      7380 PC=00010044
      7390 PC=00010048
      7400 PC=00010044
      7410 PC=00010048
      7420 PC=00010044
      7430 PC=00010048
      7440 PC=00010044
      7450 PC=00010048
      7460 PC=00010044
      7470 PC=00010048
      7480 PC=00010044
      7490 PC=00010048
      7500 PC=00010044
      7510 PC=00010048
      7520 PC=00010044
      7530 PC=00010048
      7540 PC=00010044
      7550 PC=00010048
      7560 PC=00010044
      7570 PC=00010048
      7580 PC=00010044
      7590 PC=00010048
      7600 PC=00010044
      7610 PC=00010048
      7620 PC=00010044
      7630 PC=00010048
      7640 PC=00010044
      7650 PC=00010048
      7660 PC=00010044
      7670 PC=00010048
      7680 PC=00010044
      7690 PC=00010048
      7700 PC=00010044
      7710 PC=00010048
      7720 PC=00010044
      7730 PC=00010048
      7740 PC=00010044
      7750 PC=00010048
      7760 PC=00010044
      7770 PC=00010048
      7780 PC=00010044
      7790 PC=00010048
      7800 PC=00010044
      7810 PC=00010048
      7820 PC=00010044
      7830 PC=00010048
      7840 PC=00010044
      7850 PC=00010048
      7860 PC=00010044
      7870 PC=00010048
      7880 PC=00010044
      7890 PC=00010048
      7900 PC=00010044
      7910 PC=00010048
      7920 PC=00010044
      7930 PC=00010048
      7940 PC=00010044
      7950 PC=00010048
      7960 PC=00010044
      7970 PC=00010048
      7980 PC=00010044
      7990 PC=00010048
      8000 PC=00010044
      8010 PC=00010048
      8020 PC=00010044
      8030 PC=00010048
      8040 PC=00010044
      8050 PC=00010048
      8060 PC=00010044
      8070 PC=00010048
      8080 PC=00010044
      8090 PC=00010048
      8100 PC=00010044
      8110 PC=00010048
      8120 PC=00010044
      8130 PC=00010048
      8140 PC=00010044
      8150 PC=00010048
      8160 PC=00010044
      8170 PC=00010048
      8180 PC=00010044
      8190 PC=00010048
      8200 PC=00010044
      8210 PC=00010048
      8220 PC=00010044
      8230 PC=00010048
      8240 PC=00010044
      8250 PC=00010048
      8260 PC=00010044
      8270 PC=00010048
      8280 PC=00010044
      8290 PC=00010048
      8300 PC=00010044
      8310 PC=00010048
      8320 PC=00010044
      8330 PC=00010048
      8340 PC=00010044
      8350 PC=00010048
      8360 PC=00010044
      8370 PC=00010048
      8380 PC=00010044
      8390 PC=00010048
      8400 PC=00010044
      8410 PC=00010048
      8420 PC=00010044
      8430 PC=00010048
      8440 PC=00010044
      8450 PC=00010048
      8460 PC=00010044
      8470 PC=00010048
      8480 PC=00010044
      8490 PC=00010048
      8500 PC=00010044
      8510 PC=00010048
      8520 PC=00010044
      8530 PC=00010048
      8540 PC=00010044
      8550 PC=00010048
      8560 PC=00010044
      8570 PC=00010048
      8580 PC=00010044
      8590 PC=00010048
      8600 PC=00010044
      8610 PC=00010048
      8620 PC=00010044
      8630 PC=00010048
      8640 PC=00010044
      8650 PC=00010048
      8660 PC=00010044
      8670 PC=00010048
      8680 PC=00010044
      8690 PC=00010048
      8700 PC=00010044
      8710 PC=00010048
      8720 PC=00010044
      8730 PC=00010048
      8740 PC=00010044
      8750 PC=00010048
      8760 PC=00010044
      8770 PC=00010048
      8780 PC=00010044
      8790 PC=00010048
      8800 PC=00010044
      8810 PC=00010048
      8820 PC=00010044
      8830 PC=00010048
      8840 PC=00010044
      8850 PC=00010048
      8860 PC=00010044
      8870 PC=00010048
      8880 PC=00010044
      8890 PC=00010048
      8900 PC=00010044
      8910 PC=00010048
      8920 PC=00010044
      8930 PC=00010048
      8940 PC=00010044
      8950 PC=00010048
      8960 PC=00010044
      8970 PC=00010048
      8980 PC=00010044
      8990 PC=00010048
      9000 PC=00010044
      9010 PC=00010048
      9020 PC=00010044
      9030 PC=00010048
      9040 PC=00010044
      9050 PC=00010048
      9060 PC=00010044
      9070 PC=00010048
      9080 PC=00010044
      9090 PC=00010048
      9100 PC=00010044
      9110 PC=00010048
      9120 PC=00010044
      9130 PC=00010048
      9140 PC=00010044
      9150 PC=00010048
      9160 PC=00010044
      9170 PC=00010048
      9180 PC=00010044
      9190 PC=00010048
      9200 PC=00010044
      9210 PC=00010048
      9220 PC=00010044
      9230 PC=00010048
      9240 PC=00010044
      9250 PC=00010048
      9260 PC=00010044
      9270 PC=00010048
      9280 PC=00010044
      9290 PC=00010048
      9300 PC=00010044
      9310 PC=00010048
      9320 PC=00010044
      9330 PC=00010048
      9340 PC=00010044
      9350 PC=00010048
      9360 PC=00010044
      9370 PC=00010048
      9380 PC=00010044
      9390 PC=00010048
      9400 PC=00010044
      9410 PC=00010048
      9420 PC=00010044
      9430 PC=00010048
      9440 PC=00010044
      9450 PC=00010048
      9460 PC=00010044
      9470 PC=00010048
      9480 PC=00010044
      9490 PC=00010048
      9500 PC=00010044
      9510 PC=00010048
      9520 PC=00010044
      9530 PC=00010048
      9540 PC=00010044
      9550 PC=00010048
      9560 PC=00010044
      9570 PC=00010048
      9580 PC=00010044
      9590 PC=00010048
      9600 PC=00010044
      9610 PC=00010048
      9620 PC=00010044
      9630 PC=00010048
      9640 PC=00010044
      9650 PC=00010048
      9660 PC=00010044
      9670 PC=00010048
      9680 PC=00010044
      9690 PC=00010048
      9700 PC=00010044
      9710 PC=00010048
      9720 PC=00010044
      9730 PC=00010048
      9740 PC=00010044
      9750 PC=00010048
      9760 PC=00010044
      9770 PC=00010048
      9780 PC=00010044
      9790 PC=00010048
      9800 PC=00010044
      9810 PC=00010048
      9820 PC=00010044
      9830 PC=00010048
      9840 PC=00010044
      9850 PC=00010048
      9860 PC=00010044
      9870 PC=00010048
      9880 PC=00010044
      9890 PC=00010048
      9900 PC=00010044
      9910 PC=00010048
      9920 PC=00010044
      9930 PC=00010048
      9940 PC=00010044
      9950 PC=00010048
      9960 PC=00010044
      9970 PC=00010048
      9980 PC=00010044
      9990 PC=00010048
     10000 PC=00010044

Reach IN_TOTAL.
L113 "/home/koyo/verilog/top_test.v": $finish at simulation time 10005000
0 simulation events (use +profile or +listcounts option to count)
CPU time: 0.0 secs to compile + 0.0 secs to link + 0.4 secs in simulation
End of Tool:	VERILOG-XL	06.20.001-s   May 13, 2016  22:44:40
